<?xml version="1.0" encoding="UTF-8"?>
<!-- Generated by org.testng.reporters.JUnitReportReporter -->
<testsuite hostname="minds" name="com.qa.test.Get_Api_test" tests="1" failures="0" timestamp="20 Jun 2019 07:19:56 GMT" time="0.827" errors="0">
  <testcase name="getAPITest" time="0.827" classname="com.qa.test.Get_Api_test"/>
</testsuite> <!-- com.qa.test.Get_Api_test -->
