<?xml version="1.0" encoding="UTF-8"?>
<!-- Generated by org.testng.reporters.JUnitReportReporter -->
<testsuite hostname="minds" name="com.qa.test.Post_Api_test" tests="1" failures="0" timestamp="24 Jun 2019 08:56:08 GMT" time="2.555" errors="0">
  <testcase name="postAPITest" time="2.555" classname="com.qa.test.Post_Api_test"/>
</testsuite> <!-- com.qa.test.Post_Api_test -->
